<?xml version="1.0" encoding="UTF-8"?>
<testng-results ignored="0" total="1" passed="1" failed="0" skipped="0">
  <reporter-output>
  </reporter-output>
  <suite started-at="2025-02-05T16:38:11 IST" name="Default suite" finished-at="2025-02-05T16:38:39 IST" duration-ms="27706">
    <groups>
      <group name="cucumber">
        <method signature="AbstractTestNGCucumberTests.runScenario(io.cucumber.testng.PickleWrapper,io.cucumber.testng.FeatureWrapper)[pri:0, instance:runner.OPFPF_runner@3943a2be]" name="runScenario" class="io.cucumber.testng.AbstractTestNGCucumberTests"/>
      </group> <!-- cucumber -->
    </groups>
    <test started-at="2025-02-05T16:38:11 IST" name="Default test" finished-at="2025-02-05T16:38:39 IST" duration-ms="27706">
      <class name="runner.OPFPF_runner">
        <test-method is-config="true" signature="setUpClass(org.testng.ITestContext)[pri:0, instance:runner.OPFPF_runner@3943a2be]" started-at="2025-02-05T16:38:11 IST" name="setUpClass" finished-at="2025-02-05T16:38:12 IST" duration-ms="416" status="PASS">
          <params>
            <param index="0">
              <value>
                <![CDATA[org.testng.TestRunner@4cd7d5e1]]>
              </value>
            </param>
          </params>
          <reporter-output>
          </reporter-output>
        </test-method> <!-- setUpClass -->
        <test-method signature="runScenario(io.cucumber.testng.PickleWrapper,io.cucumber.testng.FeatureWrapper)[pri:0, instance:runner.OPFPF_runner@3943a2be]" started-at="2025-02-05T16:38:12 IST" name="runScenario" description="Runs Cucumber Scenarios" data-provider="scenarios" finished-at="2025-02-05T16:38:38 IST" duration-ms="25910" status="PASS">
          <params>
            <param index="0">
              <value>
                <![CDATA["Verify the queries are listed/store in help page"]]>
              </value>
            </param>
            <param index="1">
              <value>
                <![CDATA["Login to Mstock Website"]]>
              </value>
            </param>
          </params>
          <reporter-output>
          </reporter-output>
        </test-method> <!-- runScenario -->
        <test-method is-config="true" signature="tearDownClass()[pri:0, instance:runner.OPFPF_runner@3943a2be]" started-at="2025-02-05T16:38:38 IST" name="tearDownClass" finished-at="2025-02-05T16:38:39 IST" duration-ms="1356" status="PASS">
          <reporter-output>
          </reporter-output>
        </test-method> <!-- tearDownClass -->
      </class> <!-- runner.OPFPF_runner -->
    </test> <!-- Default test -->
  </suite> <!-- Default suite -->
</testng-results>
