<?xml version="1.0" encoding="UTF-8"?>
<testng-results ignored="0" total="4" passed="4" failed="0" skipped="0">
  <reporter-output>
  </reporter-output>
  <suite started-at="2025-02-03T21:19:38 IST" name="Default suite" finished-at="2025-02-03T21:23:45 IST" duration-ms="247251">
    <groups>
      <group name="cucumber">
        <method signature="AbstractTestNGCucumberTests.runScenario(io.cucumber.testng.PickleWrapper,io.cucumber.testng.FeatureWrapper)[pri:0, instance:runner.OPFPF_runner@5e7cd6cc]" name="runScenario" class="io.cucumber.testng.AbstractTestNGCucumberTests"/>
      </group> <!-- cucumber -->
    </groups>
    <test started-at="2025-02-03T21:19:38 IST" name="Default test" finished-at="2025-02-03T21:23:45 IST" duration-ms="247251">
      <class name="runner.OPFPF_runner">
        <test-method is-config="true" signature="setUpClass(org.testng.ITestContext)[pri:0, instance:runner.OPFPF_runner@5e7cd6cc]" started-at="2025-02-03T21:19:38 IST" name="setUpClass" finished-at="2025-02-03T21:19:39 IST" duration-ms="1455" status="PASS">
          <params>
            <param index="0">
              <value>
                <![CDATA[org.testng.TestRunner@24de63b]]>
              </value>
            </param>
          </params>
          <reporter-output>
          </reporter-output>
        </test-method> <!-- setUpClass -->
        <test-method signature="runScenario(io.cucumber.testng.PickleWrapper,io.cucumber.testng.FeatureWrapper)[pri:0, instance:runner.OPFPF_runner@5e7cd6cc]" started-at="2025-02-03T21:19:39 IST" name="runScenario" description="Runs Cucumber Scenarios" data-provider="scenarios" finished-at="2025-02-03T21:20:44 IST" duration-ms="64296" status="PASS">
          <params>
            <param index="0">
              <value>
                <![CDATA["Verify the order tab/page Raise query functionality"]]>
              </value>
            </param>
            <param index="1">
              <value>
                <![CDATA["Login to Mstock Website"]]>
              </value>
            </param>
          </params>
          <reporter-output>
          </reporter-output>
        </test-method> <!-- runScenario -->
        <test-method signature="runScenario(io.cucumber.testng.PickleWrapper,io.cucumber.testng.FeatureWrapper)[pri:0, instance:runner.OPFPF_runner@5e7cd6cc]" started-at="2025-02-03T21:20:44 IST" name="runScenario" description="Runs Cucumber Scenarios" data-provider="scenarios" finished-at="2025-02-03T21:21:41 IST" duration-ms="57278" status="PASS">
          <params>
            <param index="0">
              <value>
                <![CDATA["Verify the positions tab/page Raise query functionality"]]>
              </value>
            </param>
            <param index="1">
              <value>
                <![CDATA["Login to Mstock Website"]]>
              </value>
            </param>
          </params>
          <reporter-output>
          </reporter-output>
        </test-method> <!-- runScenario -->
        <test-method signature="runScenario(io.cucumber.testng.PickleWrapper,io.cucumber.testng.FeatureWrapper)[pri:0, instance:runner.OPFPF_runner@5e7cd6cc]" started-at="2025-02-03T21:21:41 IST" name="runScenario" description="Runs Cucumber Scenarios" data-provider="scenarios" finished-at="2025-02-03T21:22:39 IST" duration-ms="58304" status="PASS">
          <params>
            <param index="0">
              <value>
                <![CDATA["Verify the portfolio tab/page Raise query functionality"]]>
              </value>
            </param>
            <param index="1">
              <value>
                <![CDATA["Login to Mstock Website"]]>
              </value>
            </param>
          </params>
          <reporter-output>
          </reporter-output>
        </test-method> <!-- runScenario -->
        <test-method signature="runScenario(io.cucumber.testng.PickleWrapper,io.cucumber.testng.FeatureWrapper)[pri:0, instance:runner.OPFPF_runner@5e7cd6cc]" started-at="2025-02-03T21:22:39 IST" name="runScenario" description="Runs Cucumber Scenarios" data-provider="scenarios" finished-at="2025-02-03T21:23:39 IST" duration-ms="59785" status="PASS">
          <params>
            <param index="0">
              <value>
                <![CDATA["Verify the funds tab/page Raise query functionality"]]>
              </value>
            </param>
            <param index="1">
              <value>
                <![CDATA["Login to Mstock Website"]]>
              </value>
            </param>
          </params>
          <reporter-output>
          </reporter-output>
        </test-method> <!-- runScenario -->
        <test-method is-config="true" signature="tearDownClass()[pri:0, instance:runner.OPFPF_runner@5e7cd6cc]" started-at="2025-02-03T21:23:39 IST" name="tearDownClass" finished-at="2025-02-03T21:23:45 IST" duration-ms="6019" status="PASS">
          <reporter-output>
          </reporter-output>
        </test-method> <!-- tearDownClass -->
      </class> <!-- runner.OPFPF_runner -->
    </test> <!-- Default test -->
  </suite> <!-- Default suite -->
</testng-results>
