<?xml version="1.0" encoding="UTF-8"?>
<testng-results ignored="0" total="18" passed="18" failed="0" skipped="0">
  <reporter-output>
  </reporter-output>
  <suite started-at="2025-02-06T11:07:55 IST" name="Default suite" finished-at="2025-02-06T11:16:04 IST" duration-ms="489348">
    <groups>
      <group name="cucumber">
        <method signature="AbstractTestNGCucumberTests.runScenario(io.cucumber.testng.PickleWrapper,io.cucumber.testng.FeatureWrapper)[pri:0, instance:runner.SEMpages_runner@3943a2be]" name="runScenario" class="io.cucumber.testng.AbstractTestNGCucumberTests"/>
      </group> <!-- cucumber -->
    </groups>
    <test started-at="2025-02-06T11:07:55 IST" name="Default test" finished-at="2025-02-06T11:16:04 IST" duration-ms="489348">
      <class name="runner.SEMpages_runner">
        <test-method is-config="true" signature="setUpClass(org.testng.ITestContext)[pri:0, instance:runner.SEMpages_runner@3943a2be]" started-at="2025-02-06T11:07:55 IST" name="setUpClass" finished-at="2025-02-06T11:07:55 IST" duration-ms="432" status="PASS">
          <params>
            <param index="0">
              <value>
                <![CDATA[org.testng.TestRunner@7402bfe7]]>
              </value>
            </param>
          </params>
          <reporter-output>
          </reporter-output>
        </test-method> <!-- setUpClass -->
        <test-method signature="runScenario(io.cucumber.testng.PickleWrapper,io.cucumber.testng.FeatureWrapper)[pri:0, instance:runner.SEMpages_runner@3943a2be]" started-at="2025-02-06T11:07:55 IST" name="runScenario" description="Runs Cucumber Scenarios" data-provider="scenarios" finished-at="2025-02-06T11:08:22 IST" duration-ms="27170" status="PASS">
          <params>
            <param index="0">
              <value>
                <![CDATA["Verify the demat-account Account landing page is loads successfully"]]>
              </value>
            </param>
            <param index="1">
              <value>
                <![CDATA["Verify Trading Account Page."]]>
              </value>
            </param>
          </params>
          <reporter-output>
          </reporter-output>
        </test-method> <!-- runScenario -->
        <test-method signature="runScenario(io.cucumber.testng.PickleWrapper,io.cucumber.testng.FeatureWrapper)[pri:0, instance:runner.SEMpages_runner@3943a2be]" started-at="2025-02-06T11:08:22 IST" name="runScenario" description="Runs Cucumber Scenarios" data-provider="scenarios" finished-at="2025-02-06T11:08:26 IST" duration-ms="4016" status="PASS">
          <params>
            <param index="0">
              <value>
                <![CDATA["Verify the Trading Account page is loads successfully"]]>
              </value>
            </param>
            <param index="1">
              <value>
                <![CDATA["Verify Trading Account Page."]]>
              </value>
            </param>
          </params>
          <reporter-output>
          </reporter-output>
        </test-method> <!-- runScenario -->
        <test-method signature="runScenario(io.cucumber.testng.PickleWrapper,io.cucumber.testng.FeatureWrapper)[pri:0, instance:runner.SEMpages_runner@3943a2be]" started-at="2025-02-06T11:08:26 IST" name="runScenario" description="Runs Cucumber Scenarios" data-provider="scenarios" finished-at="2025-02-06T11:08:30 IST" duration-ms="3914" status="PASS">
          <params>
            <param index="0">
              <value>
                <![CDATA["Verify the Zero Brokerage page is loads successfully"]]>
              </value>
            </param>
            <param index="1">
              <value>
                <![CDATA["Verify Trading Account Page."]]>
              </value>
            </param>
          </params>
          <reporter-output>
          </reporter-output>
        </test-method> <!-- runScenario -->
        <test-method signature="runScenario(io.cucumber.testng.PickleWrapper,io.cucumber.testng.FeatureWrapper)[pri:0, instance:runner.SEMpages_runner@3943a2be]" started-at="2025-02-06T11:08:30 IST" name="runScenario" description="Runs Cucumber Scenarios" data-provider="scenarios" finished-at="2025-02-06T11:08:42 IST" duration-ms="11848" status="PASS">
          <params>
            <param index="0">
              <value>
                <![CDATA["Verify the Mstock Main Page is loads successfully"]]>
              </value>
            </param>
            <param index="1">
              <value>
                <![CDATA["Verify Trading Account Page."]]>
              </value>
            </param>
          </params>
          <reporter-output>
          </reporter-output>
        </test-method> <!-- runScenario -->
        <test-method signature="runScenario(io.cucumber.testng.PickleWrapper,io.cucumber.testng.FeatureWrapper)[pri:0, instance:runner.SEMpages_runner@3943a2be]" started-at="2025-02-06T11:08:42 IST" name="runScenario" description="Runs Cucumber Scenarios" data-provider="scenarios" finished-at="2025-02-06T11:08:55 IST" duration-ms="12273" status="PASS">
          <params>
            <param index="0">
              <value>
                <![CDATA["Verify the Organic SEM Open demat account page is loads successfully"]]>
              </value>
            </param>
            <param index="1">
              <value>
                <![CDATA["Verify Trading Account Page."]]>
              </value>
            </param>
          </params>
          <reporter-output>
          </reporter-output>
        </test-method> <!-- runScenario -->
        <test-method signature="runScenario(io.cucumber.testng.PickleWrapper,io.cucumber.testng.FeatureWrapper)[pri:0, instance:runner.SEMpages_runner@3943a2be]" started-at="2025-02-06T11:08:55 IST" name="runScenario" description="Runs Cucumber Scenarios" data-provider="scenarios" finished-at="2025-02-06T11:09:07 IST" duration-ms="12014" status="PASS">
          <params>
            <param index="0">
              <value>
                <![CDATA["Verify the Margin trading facility page is loads successfully"]]>
              </value>
            </param>
            <param index="1">
              <value>
                <![CDATA["Verify Trading Account Page."]]>
              </value>
            </param>
          </params>
          <reporter-output>
          </reporter-output>
        </test-method> <!-- runScenario -->
        <test-method signature="runScenario(io.cucumber.testng.PickleWrapper,io.cucumber.testng.FeatureWrapper)[pri:0, instance:runner.SEMpages_runner@3943a2be]" started-at="2025-02-06T11:09:07 IST" name="runScenario" description="Runs Cucumber Scenarios" data-provider="scenarios" finished-at="2025-02-06T11:09:19 IST" duration-ms="12610" status="PASS">
          <params>
            <param index="0">
              <value>
                <![CDATA["Verify theRefer and earn page is loads successfully"]]>
              </value>
            </param>
            <param index="1">
              <value>
                <![CDATA["Verify Trading Account Page."]]>
              </value>
            </param>
          </params>
          <reporter-output>
          </reporter-output>
        </test-method> <!-- runScenario -->
        <test-method signature="runScenario(io.cucumber.testng.PickleWrapper,io.cucumber.testng.FeatureWrapper)[pri:0, instance:runner.SEMpages_runner@3943a2be]" started-at="2025-02-06T11:09:19 IST" name="runScenario" description="Runs Cucumber Scenarios" data-provider="scenarios" finished-at="2025-02-06T11:09:31 IST" duration-ms="12136" status="PASS">
          <params>
            <param index="0">
              <value>
                <![CDATA["Verify thePricing page is loads successfully"]]>
              </value>
            </param>
            <param index="1">
              <value>
                <![CDATA["Verify Trading Account Page."]]>
              </value>
            </param>
          </params>
          <reporter-output>
          </reporter-output>
        </test-method> <!-- runScenario -->
        <test-method signature="runScenario(io.cucumber.testng.PickleWrapper,io.cucumber.testng.FeatureWrapper)[pri:0, instance:runner.SEMpages_runner@3943a2be]" started-at="2025-02-06T11:09:31 IST" name="runScenario" description="Runs Cucumber Scenarios" data-provider="scenarios" finished-at="2025-02-06T11:09:44 IST" duration-ms="12490" status="PASS">
          <params>
            <param index="0">
              <value>
                <![CDATA["Verify the Mutual fund investment page is loads successfully."]]>
              </value>
            </param>
            <param index="1">
              <value>
                <![CDATA["Verify Trading Account Page."]]>
              </value>
            </param>
          </params>
          <reporter-output>
          </reporter-output>
        </test-method> <!-- runScenario -->
        <test-method signature="runScenario(io.cucumber.testng.PickleWrapper,io.cucumber.testng.FeatureWrapper)[pri:0, instance:runner.SEMpages_runner@3943a2be]" started-at="2025-02-06T11:09:44 IST" name="runScenario" description="Runs Cucumber Scenarios" data-provider="scenarios" finished-at="2025-02-06T11:09:56 IST" duration-ms="11892" status="PASS">
          <params>
            <param index="0">
              <value>
                <![CDATA["Verify the Pricing page is loads successfully"]]>
              </value>
            </param>
            <param index="1">
              <value>
                <![CDATA["Verify Trading Account Page."]]>
              </value>
            </param>
          </params>
          <reporter-output>
          </reporter-output>
        </test-method> <!-- runScenario -->
        <test-method signature="runScenario(io.cucumber.testng.PickleWrapper,io.cucumber.testng.FeatureWrapper)[pri:0, instance:runner.SEMpages_runner@3943a2be]" started-at="2025-02-06T11:09:56 IST" name="runScenario" description="Runs Cucumber Scenarios" data-provider="scenarios" finished-at="2025-02-06T11:10:50 IST" duration-ms="53851" status="PASS">
          <params>
            <param index="0">
              <value>
                <![CDATA["Login with valid credentials"]]>
              </value>
            </param>
            <param index="1">
              <value>
                <![CDATA["User Login to Mstock Website"]]>
              </value>
            </param>
          </params>
          <reporter-output>
          </reporter-output>
        </test-method> <!-- runScenario -->
        <test-method signature="runScenario(io.cucumber.testng.PickleWrapper,io.cucumber.testng.FeatureWrapper)[pri:0, instance:runner.SEMpages_runner@3943a2be]" started-at="2025-02-06T11:10:50 IST" name="runScenario" description="Runs Cucumber Scenarios" data-provider="scenarios" finished-at="2025-02-06T11:11:49 IST" duration-ms="59820" status="PASS">
          <params>
            <param index="0">
              <value>
                <![CDATA["Verify Have a Query module functionality"]]>
              </value>
            </param>
            <param index="1">
              <value>
                <![CDATA["User Login to Mstock Website"]]>
              </value>
            </param>
          </params>
          <reporter-output>
          </reporter-output>
        </test-method> <!-- runScenario -->
        <test-method signature="runScenario(io.cucumber.testng.PickleWrapper,io.cucumber.testng.FeatureWrapper)[pri:0, instance:runner.SEMpages_runner@3943a2be]" started-at="2025-02-06T11:11:49 IST" name="runScenario" description="Runs Cucumber Scenarios" data-provider="scenarios" finished-at="2025-02-06T11:12:19 IST" duration-ms="29513" status="PASS">
          <params>
            <param index="0">
              <value>
                <![CDATA["Verify Have a Query module functionality"]]>
              </value>
            </param>
            <param index="1">
              <value>
                <![CDATA["User Login to Mstock Website"]]>
              </value>
            </param>
          </params>
          <reporter-output>
          </reporter-output>
        </test-method> <!-- runScenario -->
        <test-method signature="runScenario(io.cucumber.testng.PickleWrapper,io.cucumber.testng.FeatureWrapper)[pri:0, instance:runner.SEMpages_runner@3943a2be]" started-at="2025-02-06T11:12:19 IST" name="runScenario" description="Runs Cucumber Scenarios" data-provider="scenarios" finished-at="2025-02-06T11:13:09 IST" duration-ms="50634" status="PASS">
          <params>
            <param index="0">
              <value>
                <![CDATA["Verify the order tab/page Raise query functionality"]]>
              </value>
            </param>
            <param index="1">
              <value>
                <![CDATA["Login to Mstock Website"]]>
              </value>
            </param>
          </params>
          <reporter-output>
          </reporter-output>
        </test-method> <!-- runScenario -->
        <test-method signature="runScenario(io.cucumber.testng.PickleWrapper,io.cucumber.testng.FeatureWrapper)[pri:0, instance:runner.SEMpages_runner@3943a2be]" started-at="2025-02-06T11:13:09 IST" name="runScenario" description="Runs Cucumber Scenarios" data-provider="scenarios" finished-at="2025-02-06T11:13:59 IST" duration-ms="49292" status="PASS">
          <params>
            <param index="0">
              <value>
                <![CDATA["Verify the positions tab/page Raise query functionality"]]>
              </value>
            </param>
            <param index="1">
              <value>
                <![CDATA["Login to Mstock Website"]]>
              </value>
            </param>
          </params>
          <reporter-output>
          </reporter-output>
        </test-method> <!-- runScenario -->
        <test-method signature="runScenario(io.cucumber.testng.PickleWrapper,io.cucumber.testng.FeatureWrapper)[pri:0, instance:runner.SEMpages_runner@3943a2be]" started-at="2025-02-06T11:13:59 IST" name="runScenario" description="Runs Cucumber Scenarios" data-provider="scenarios" finished-at="2025-02-06T11:14:48 IST" duration-ms="49651" status="PASS">
          <params>
            <param index="0">
              <value>
                <![CDATA["Verify the portfolio tab/page Raise query functionality"]]>
              </value>
            </param>
            <param index="1">
              <value>
                <![CDATA["Login to Mstock Website"]]>
              </value>
            </param>
          </params>
          <reporter-output>
          </reporter-output>
        </test-method> <!-- runScenario -->
        <test-method signature="runScenario(io.cucumber.testng.PickleWrapper,io.cucumber.testng.FeatureWrapper)[pri:0, instance:runner.SEMpages_runner@3943a2be]" started-at="2025-02-06T11:14:48 IST" name="runScenario" description="Runs Cucumber Scenarios" data-provider="scenarios" finished-at="2025-02-06T11:15:37 IST" duration-ms="48765" status="PASS">
          <params>
            <param index="0">
              <value>
                <![CDATA["Verify the funds tab/page Raise query functionality"]]>
              </value>
            </param>
            <param index="1">
              <value>
                <![CDATA["Login to Mstock Website"]]>
              </value>
            </param>
          </params>
          <reporter-output>
          </reporter-output>
        </test-method> <!-- runScenario -->
        <test-method signature="runScenario(io.cucumber.testng.PickleWrapper,io.cucumber.testng.FeatureWrapper)[pri:0, instance:runner.SEMpages_runner@3943a2be]" started-at="2025-02-06T11:15:37 IST" name="runScenario" description="Runs Cucumber Scenarios" data-provider="scenarios" finished-at="2025-02-06T11:16:03 IST" duration-ms="25339" status="PASS">
          <params>
            <param index="0">
              <value>
                <![CDATA["Verify the queries are listed/store in help page"]]>
              </value>
            </param>
            <param index="1">
              <value>
                <![CDATA["Login to Mstock Website"]]>
              </value>
            </param>
          </params>
          <reporter-output>
          </reporter-output>
        </test-method> <!-- runScenario -->
        <test-method is-config="true" signature="tearDownClass()[pri:0, instance:runner.SEMpages_runner@3943a2be]" started-at="2025-02-06T11:16:03 IST" name="tearDownClass" finished-at="2025-02-06T11:16:04 IST" duration-ms="1652" status="PASS">
          <reporter-output>
          </reporter-output>
        </test-method> <!-- tearDownClass -->
      </class> <!-- runner.SEMpages_runner -->
    </test> <!-- Default test -->
  </suite> <!-- Default suite -->
</testng-results>
